============================= test session starts ==============================
platform darwin -- Python 3.9.12, pytest-8.3.5, pluggy-1.5.0
rootdir: /Users/maryssentamu/Desktop/School/CS506/fake news/fake-news-detection/fake-news-detection
plugins: asyncio-0.26.0
asyncio: mode=strict, asyncio_default_fixture_loop_scope=None, asyncio_default_test_loop_scope=function
collected 4 items

testing/testing.py reached tests
opened homepage
Locating Inspect Page
putting fake article text
clicking to submit
looking for predictions
.reached tests
opened homepage
Clicked 'Try the Inspector'
clicking to submit
looking for predictions
. * Serving Flask app 'app'
 * Debug mode: off
reached tests
opened homepage
attempt to go to demo page
reached demo
Locating Inspect Page
putting fake article text
clicking to submit
looking for predictions
.reached tests
opened homepage
Locating Inspect Page
putting fake article text
clicking to submit
looking for predictions
.                                                  [100%]

============================== 4 passed in 9.44s ===============================
